<?xml version="1.0" encoding="UTF-8"?>
<testng-results ignored="0" total="1" passed="1" failed="0" skipped="0">
  <reporter-output>
  </reporter-output>
  <suite started-at="2022-06-06T13:10:28 EEST" name="TestOne" finished-at="2022-06-06T13:10:28 EEST" duration-ms="35">
    <groups>
    </groups>
    <test started-at="2022-06-06T13:10:28 EEST" name="Command line test" finished-at="2022-06-06T13:10:28 EEST" duration-ms="35">
      <class name="TestOne">
        <test-method signature="test1()[pri:0, instance:TestOne@7f77e91b]" started-at="2022-06-06T13:10:28 EEST" name="test1" finished-at="2022-06-06T13:10:28 EEST" duration-ms="7" status="PASS">
          <reporter-output>
          </reporter-output>
        </test-method> <!-- test1 -->
      </class> <!-- TestOne -->
    </test> <!-- Command line test -->
  </suite> <!-- TestOne -->
</testng-results>
